<?xml version="1.0" encoding="UTF-8"?>
<testsuite name="com.example.serviceproduct.ProductServiceMockTest" tests="1" skipped="0" failures="0" errors="0" timestamp="2020-10-11T16:34:29" hostname="extreme-300E4A-300E5A-300E7A-3430EA-3530EA" time="0.425">
  <properties/>
  <testcase name="whenValidUpdateStock_ThenReturnNewStock()" classname="com.example.serviceproduct.ProductServiceMockTest" time="0.425"/>
  <system-out><![CDATA[13:34:17.412 [Test worker] DEBUG org.springframework.test.context.BootstrapUtils - Instantiating CacheAwareContextLoaderDelegate from class [org.springframework.test.context.cache.DefaultCacheAwareContextLoaderDelegate]
13:34:17.447 [Test worker] DEBUG org.springframework.test.context.BootstrapUtils - Instantiating BootstrapContext using constructor [public org.springframework.test.context.support.DefaultBootstrapContext(java.lang.Class,org.springframework.test.context.CacheAwareContextLoaderDelegate)]
13:34:17.537 [Test worker] DEBUG org.springframework.test.context.BootstrapUtils - Instantiating TestContextBootstrapper for test class [com.example.serviceproduct.ProductServiceMockTest] from class [org.springframework.boot.test.context.SpringBootTestContextBootstrapper]
13:34:17.573 [Test worker] INFO org.springframework.boot.test.context.SpringBootTestContextBootstrapper - Neither @ContextConfiguration nor @ContextHierarchy found for test class [com.example.serviceproduct.ProductServiceMockTest], using SpringBootContextLoader
13:34:17.583 [Test worker] DEBUG org.springframework.test.context.support.AbstractContextLoader - Did not detect default resource location for test class [com.example.serviceproduct.ProductServiceMockTest]: class path resource [com/example/serviceproduct/ProductServiceMockTest-context.xml] does not exist
13:34:17.586 [Test worker] DEBUG org.springframework.test.context.support.AbstractContextLoader - Did not detect default resource location for test class [com.example.serviceproduct.ProductServiceMockTest]: class path resource [com/example/serviceproduct/ProductServiceMockTestContext.groovy] does not exist
13:34:17.595 [Test worker] INFO org.springframework.test.context.support.AbstractContextLoader - Could not detect default resource locations for test class [com.example.serviceproduct.ProductServiceMockTest]: no resource found for suffixes {-context.xml, Context.groovy}.
13:34:17.597 [Test worker] INFO org.springframework.test.context.support.AnnotationConfigContextLoaderUtils - Could not detect default configuration classes for test class [com.example.serviceproduct.ProductServiceMockTest]: ProductServiceMockTest does not declare any static, non-private, non-final, nested classes annotated with @Configuration.
13:34:17.687 [Test worker] DEBUG org.springframework.test.context.support.ActiveProfilesUtils - Could not find an 'annotation declaring class' for annotation type [org.springframework.test.context.ActiveProfiles] and class [com.example.serviceproduct.ProductServiceMockTest]
13:34:17.899 [Test worker] DEBUG org.springframework.context.annotation.ClassPathScanningCandidateComponentProvider - Identified candidate component class: file [/home/extreme/Intellij_Project/Microservice/build/classes/java/main/com/example/serviceproduct/ServiceProductApplication.class]
13:34:17.901 [Test worker] INFO org.springframework.boot.test.context.SpringBootTestContextBootstrapper - Found @SpringBootConfiguration com.example.serviceproduct.ServiceProductApplication for test class com.example.serviceproduct.ProductServiceMockTest
13:34:18.100 [Test worker] DEBUG org.springframework.boot.test.context.SpringBootTestContextBootstrapper - @TestExecutionListeners is not present for class [com.example.serviceproduct.ProductServiceMockTest]: using defaults.
13:34:18.101 [Test worker] INFO org.springframework.boot.test.context.SpringBootTestContextBootstrapper - Loaded default TestExecutionListener class names from location [META-INF/spring.factories]: [org.springframework.boot.test.autoconfigure.restdocs.RestDocsTestExecutionListener, org.springframework.boot.test.autoconfigure.web.client.MockRestServiceServerResetTestExecutionListener, org.springframework.boot.test.autoconfigure.web.servlet.MockMvcPrintOnlyOnFailureTestExecutionListener, org.springframework.boot.test.autoconfigure.web.servlet.WebDriverTestExecutionListener, org.springframework.boot.test.autoconfigure.webservices.client.MockWebServiceServerTestExecutionListener, org.springframework.boot.test.mock.mockito.MockitoTestExecutionListener, org.springframework.boot.test.mock.mockito.ResetMocksTestExecutionListener, org.springframework.test.context.web.ServletTestExecutionListener, org.springframework.test.context.support.DirtiesContextBeforeModesTestExecutionListener, org.springframework.test.context.support.DependencyInjectionTestExecutionListener, org.springframework.test.context.support.DirtiesContextTestExecutionListener, org.springframework.test.context.transaction.TransactionalTestExecutionListener, org.springframework.test.context.jdbc.SqlScriptsTestExecutionListener, org.springframework.test.context.event.EventPublishingTestExecutionListener]
13:34:18.135 [Test worker] INFO org.springframework.boot.test.context.SpringBootTestContextBootstrapper - Using TestExecutionListeners: [org.springframework.test.context.web.ServletTestExecutionListener@7a0d4ae3, org.springframework.test.context.support.DirtiesContextBeforeModesTestExecutionListener@2310c6eb, org.springframework.boot.test.mock.mockito.MockitoTestExecutionListener@7761fb19, org.springframework.boot.test.autoconfigure.SpringBootDependencyInjectionTestExecutionListener@13209452, org.springframework.test.context.support.DirtiesContextTestExecutionListener@3ea8e87, org.springframework.test.context.transaction.TransactionalTestExecutionListener@26e8378f, org.springframework.test.context.jdbc.SqlScriptsTestExecutionListener@5e29b978, org.springframework.test.context.event.EventPublishingTestExecutionListener@493c34eb, org.springframework.boot.test.autoconfigure.restdocs.RestDocsTestExecutionListener@1ef505fd, org.springframework.boot.test.autoconfigure.web.client.MockRestServiceServerResetTestExecutionListener@79c60de3, org.springframework.boot.test.autoconfigure.web.servlet.MockMvcPrintOnlyOnFailureTestExecutionListener@6a3789da, org.springframework.boot.test.autoconfigure.web.servlet.WebDriverTestExecutionListener@4284631b, org.springframework.boot.test.autoconfigure.webservices.client.MockWebServiceServerTestExecutionListener@74684c5b, org.springframework.boot.test.mock.mockito.ResetMocksTestExecutionListener@3d08ee20]
13:34:18.144 [Test worker] DEBUG org.springframework.test.context.support.AbstractDirtiesContextTestExecutionListener - Before test class: context [DefaultTestContext@10ae9ba testClass = ProductServiceMockTest, testInstance = [null], testMethod = [null], testException = [null], mergedContextConfiguration = [WebMergedContextConfiguration@52acaaf testClass = ProductServiceMockTest, locations = '{}', classes = '{class com.example.serviceproduct.ServiceProductApplication}', contextInitializerClasses = '[]', activeProfiles = '{}', propertySourceLocations = '{}', propertySourceProperties = '{org.springframework.boot.test.context.SpringBootTestContextBootstrapper=true}', contextCustomizers = set[org.springframework.boot.test.autoconfigure.properties.PropertyMappingContextCustomizer@0, org.springframework.boot.test.autoconfigure.web.servlet.WebDriverContextCustomizerFactory$Customizer@5a75f757, org.springframework.boot.test.context.filter.ExcludeFilterContextCustomizer@2c9e2b81, org.springframework.boot.test.json.DuplicateJsonObjectContextCustomizerFactory$DuplicateJsonObjectContextCustomizer@32e0fdb8, org.springframework.boot.test.mock.mockito.MockitoContextCustomizer@0, org.springframework.boot.test.web.client.TestRestTemplateContextCustomizer@7331ebfe, org.springframework.boot.test.context.SpringBootTestArgs@1], resourceBasePath = 'src/main/webapp', contextLoader = 'org.springframework.boot.test.context.SpringBootContextLoader', parent = [null]], attributes = map['org.springframework.test.context.web.ServletTestExecutionListener.activateListener' -> true]], class annotated with @DirtiesContext [false] with mode [null].
13:34:18.199 [Test worker] DEBUG org.springframework.test.context.support.TestPropertySourceUtils - Adding inlined properties to environment: {spring.jmx.enabled=false, org.springframework.boot.test.context.SpringBootTestContextBootstrapper=true}

  .   ____          _            __ _ _
 /\\ / ___'_ __ _ _(_)_ __  __ _ \ \ \ \
( ( )\___ | '_ | '_| | '_ \/ _` | \ \ \ \
 \\/  ___)| |_)| | | | | || (_| |  ) ) ) )
  '  |____| .__|_| |_|_| |_\__, | / / / /
 =========|_|==============|___/=/_/_/_/
 :: Spring Boot ::        (v2.3.4.RELEASE)

2020-10-11 13:34:19 - INFO Starting ProductServiceMockTest on extreme-300E4A-300E5A-300E7A-3430EA-3530EA with PID 11126 (started by extreme in /home/extreme/Intellij_Project/Microservice)
2020-10-11 13:34:19 - INFO No active profile set, falling back to default profiles: default
2020-10-11 13:34:20 - INFO Bootstrapping Spring Data JPA repositories in DEFERRED mode.
2020-10-11 13:34:20 - INFO Finished Spring Data repository scanning in 137ms. Found 1 JPA repository interfaces.
2020-10-11 13:34:22 - INFO Initializing ExecutorService 'applicationTaskExecutor'
2020-10-11 13:34:22 - INFO HikariPool-1 - Starting...
2020-10-11 13:34:23 - INFO HikariPool-1 - Start completed.
2020-10-11 13:34:23 - INFO HHH000204: Processing PersistenceUnitInfo [name: default]
2020-10-11 13:34:23 - INFO HHH000412: Hibernate ORM core version 5.4.21.Final
2020-10-11 13:34:24 - INFO HCANN000001: Hibernate Commons Annotations {5.1.0.Final}
2020-10-11 13:34:24 - WARN spring.jpa.open-in-view is enabled by default. Therefore, database queries may be performed during view rendering. Explicitly configure spring.jpa.open-in-view to disable this warning
2020-10-11 13:34:24 - INFO HHH000400: Using dialect: org.hibernate.dialect.H2Dialect
2020-10-11 13:34:25 - INFO H2 console available at '/h2-console'. Database available at 'jdbc:h2:mem:productDB'
2020-10-11 13:34:26 - INFO Triggering deferred initialization of Spring Data repositories…
2020-10-11 13:34:27 - INFO HHH000490: Using JtaPlatform implementation: [org.hibernate.engine.transaction.jta.platform.internal.NoJtaPlatform]
2020-10-11 13:34:27 - INFO Initialized JPA EntityManagerFactory for persistence unit 'default'
2020-10-11 13:34:28 - INFO Spring Data repositories initialized!
2020-10-11 13:34:28 - INFO Started ProductServiceMockTest in 10.302 seconds (JVM running for 12.72)
]]></system-out>
  <system-err><![CDATA[]]></system-err>
</testsuite>
